[TRY] goal=ancestor(ken,james)
[CALL] depth=0 goal=ancestor(ken,james) clause=P(X,Y):-Q(X,Z),P(Z,Y).
[ADD_CLAUSE] depth=0 goal=ancestor(ken,james) clause=ancestor(Arg_1,Arg_2):-Ref_49(Arg_1,Arg_4),ancestor(Arg_4,Arg_2).
[MATCH] depth=0 goal=ancestor(ken,james) clause=P(X,Y):-Q(X,Z),P(Z,Y).
[TRY] goal=Ref_49(ken,Ref_51)
[CALL] depth=1 goal=Ref_49(ken,Ref_51) clause=mum(christine,tami):.
[CALL] depth=1 goal=Ref_49(ken,Ref_51) clause=mum(tami,luke):.
[CALL] depth=1 goal=Ref_49(ken,Ref_51) clause=mum(tami,james):.
[CALL] depth=1 goal=Ref_49(ken,Ref_51) clause=dad(adam,james):.
[CALL] depth=1 goal=Ref_49(ken,Ref_51) clause=dad(ken,adam):.
[MATCH] depth=1 goal=dad(ken,adam) clause=dad(ken,adam):.
[TRY] goal=ancestor(adam,james)
[CALL] depth=1 goal=ancestor(adam,james) clause=P(X,Y):-Q(X,Z),P(Z,Y).
[ADD_CLAUSE] depth=1 goal=ancestor(adam,james) clause=ancestor(Arg_1,Arg_2):-Ref_69(Arg_1,Arg_4),ancestor(Arg_4,Arg_2).
[MATCH] depth=1 goal=ancestor(adam,james) clause=P(X,Y):-Q(X,Z),P(Z,Y).
[TRY] goal=Ref_69(adam,Ref_71)
[CALL] depth=2 goal=Ref_69(adam,Ref_71) clause=mum(christine,tami):.
[CALL] depth=2 goal=Ref_69(adam,Ref_71) clause=mum(tami,luke):.
[CALL] depth=2 goal=Ref_69(adam,Ref_71) clause=mum(tami,james):.
[CALL] depth=2 goal=Ref_69(adam,Ref_71) clause=dad(adam,james):.
[MATCH] depth=2 goal=dad(adam,james) clause=dad(adam,james):.
[TRY] goal=ancestor(james,james)
[CALL] depth=2 goal=ancestor(james,james) clause=P(X,Y):-Q(X,Z),P(Z,Y).
[ADD_CLAUSE] depth=2 goal=ancestor(james,james) clause=ancestor(Arg_1,Arg_2):-Ref_89(Arg_1,Arg_4),ancestor(Arg_4,Arg_2).
[MATCH] depth=2 goal=ancestor(james,james) clause=P(X,Y):-Q(X,Z),P(Z,Y).
[TRY] goal=Ref_89(james,Ref_91)
[CALL] depth=3 goal=Ref_89(james,Ref_91) clause=mum(christine,tami):.
[CALL] depth=3 goal=Ref_89(james,Ref_91) clause=mum(tami,luke):.
[CALL] depth=3 goal=Ref_89(james,Ref_91) clause=mum(tami,james):.
[CALL] depth=3 goal=Ref_89(james,Ref_91) clause=dad(adam,james):.
[CALL] depth=3 goal=Ref_89(james,Ref_91) clause=dad(ken,adam):.
[CALL] depth=3 goal=Ref_89(james,Ref_91) clause=P(X,Y):-Q(X,Z),P(Z,Y).
[ADD_CLAUSE] depth=3 goal=Ref_89(james,Ref_91) clause=pred_3(Arg_1,Arg_2):-Ref_110(Arg_1,Arg_4),pred_3(Arg_4,Arg_2).
[INVENT_PRED] invented predicate for goal=Ref_89(james,Ref_91)
[MATCH] depth=3 goal=Ref_89(james,Ref_91) clause=P(X,Y):-Q(X,Z),P(Z,Y).
[TRY] goal=Ref_110(james,Ref_112)
[CALL] depth=4 goal=Ref_110(james,Ref_112) clause=mum(christine,tami):.
[CALL] depth=4 goal=Ref_110(james,Ref_112) clause=mum(tami,luke):.
[CALL] depth=4 goal=Ref_110(james,Ref_112) clause=mum(tami,james):.
[CALL] depth=4 goal=Ref_110(james,Ref_112) clause=dad(adam,james):.
[CALL] depth=4 goal=Ref_110(james,Ref_112) clause=dad(ken,adam):.
[NO_MATCH] depth=4 goal=Ref_110(james,Ref_112) tried 7 choices, Originally had 7 choices
[UNDO_CLAUSE] depth=3 clause=pred_3(Arg_1,Arg_2):-Ref_110(Arg_1,Arg_4),pred_3(Arg_4,Arg_2).
[RETRY] goal=Ref_89(james,Ref_91)
[CALL] depth=3 goal=Ref_89(james,Ref_91) clause=P(X,Y):-Q(X,Y).
[ADD_CLAUSE] depth=3 goal=Ref_89(james,Ref_91) clause=pred_3(Arg_1,Arg_2):-Ref_131(Arg_1,Arg_2).
[INVENT_PRED] invented predicate for goal=Ref_89(james,Ref_91)
[MATCH] depth=3 goal=Ref_89(james,Ref_91) clause=P(X,Y):-Q(X,Y).
[TRY] goal=Ref_131(james,Ref_91)
[CALL] depth=4 goal=Ref_131(james,Ref_91) clause=mum(christine,tami):.
[CALL] depth=4 goal=Ref_131(james,Ref_91) clause=mum(tami,luke):.
[CALL] depth=4 goal=Ref_131(james,Ref_91) clause=mum(tami,james):.
[CALL] depth=4 goal=Ref_131(james,Ref_91) clause=dad(adam,james):.
[CALL] depth=4 goal=Ref_131(james,Ref_91) clause=dad(ken,adam):.
[NO_MATCH] depth=4 goal=Ref_131(james,Ref_91) tried 7 choices, Originally had 7 choices
[UNDO_CLAUSE] depth=3 clause=pred_3(Arg_1,Arg_2):-Ref_131(Arg_1,Arg_2).
[RETRY] goal=Ref_89(james,Ref_91)
[NO_MATCH] depth=3 goal=Ref_89(james,Ref_91) tried 0 choices, Originally had 7 choices
[UNDO_CLAUSE] depth=2 clause=ancestor(Arg_1,Arg_2):-Ref_89(Arg_1,Arg_4),ancestor(Arg_4,Arg_2).
[RETRY] goal=ancestor(james,james)
[CALL] depth=2 goal=ancestor(james,james) clause=P(X,Y):-Q(X,Y).
[ADD_CLAUSE] depth=2 goal=ancestor(james,james) clause=ancestor(Arg_1,Arg_2):-Ref_143(Arg_1,Arg_2).
[MATCH] depth=2 goal=ancestor(james,james) clause=P(X,Y):-Q(X,Y).
[TRY] goal=Ref_143(james,james)
[CALL] depth=3 goal=Ref_143(james,james) clause=mum(christine,tami):.
[CALL] depth=3 goal=Ref_143(james,james) clause=mum(tami,luke):.
[CALL] depth=3 goal=Ref_143(james,james) clause=mum(tami,james):.
[CALL] depth=3 goal=Ref_143(james,james) clause=dad(adam,james):.
[CALL] depth=3 goal=Ref_143(james,james) clause=dad(ken,adam):.
[CALL] depth=3 goal=Ref_143(james,james) clause=P(X,Y):-Q(X,Z),P(Z,Y).
[ADD_CLAUSE] depth=3 goal=Ref_143(james,james) clause=pred_3(Arg_1,Arg_2):-Ref_156(Arg_1,Arg_4),pred_3(Arg_4,Arg_2).
[INVENT_PRED] invented predicate for goal=Ref_143(james,james)
[MATCH] depth=3 goal=Ref_143(james,james) clause=P(X,Y):-Q(X,Z),P(Z,Y).
[TRY] goal=Ref_156(james,Ref_158)
[CALL] depth=4 goal=Ref_156(james,Ref_158) clause=mum(christine,tami):.
[CALL] depth=4 goal=Ref_156(james,Ref_158) clause=mum(tami,luke):.
[CALL] depth=4 goal=Ref_156(james,Ref_158) clause=mum(tami,james):.
[CALL] depth=4 goal=Ref_156(james,Ref_158) clause=dad(adam,james):.
[CALL] depth=4 goal=Ref_156(james,Ref_158) clause=dad(ken,adam):.
[NO_MATCH] depth=4 goal=Ref_156(james,Ref_158) tried 7 choices, Originally had 7 choices
[UNDO_CLAUSE] depth=3 clause=pred_3(Arg_1,Arg_2):-Ref_156(Arg_1,Arg_4),pred_3(Arg_4,Arg_2).
[RETRY] goal=Ref_143(james,james)
[CALL] depth=3 goal=Ref_143(james,james) clause=P(X,Y):-Q(X,Y).
[ADD_CLAUSE] depth=3 goal=Ref_143(james,james) clause=pred_3(Arg_1,Arg_2):-Ref_177(Arg_1,Arg_2).
[INVENT_PRED] invented predicate for goal=Ref_143(james,james)
[MATCH] depth=3 goal=Ref_143(james,james) clause=P(X,Y):-Q(X,Y).
[TRY] goal=Ref_177(james,james)
[CALL] depth=4 goal=Ref_177(james,james) clause=mum(christine,tami):.
[CALL] depth=4 goal=Ref_177(james,james) clause=mum(tami,luke):.
[CALL] depth=4 goal=Ref_177(james,james) clause=mum(tami,james):.
[CALL] depth=4 goal=Ref_177(james,james) clause=dad(adam,james):.
[CALL] depth=4 goal=Ref_177(james,james) clause=dad(ken,adam):.
[NO_MATCH] depth=4 goal=Ref_177(james,james) tried 7 choices, Originally had 7 choices
[UNDO_CLAUSE] depth=3 clause=pred_3(Arg_1,Arg_2):-Ref_177(Arg_1,Arg_2).
[RETRY] goal=Ref_143(james,james)
[NO_MATCH] depth=3 goal=Ref_143(james,james) tried 0 choices, Originally had 7 choices
[UNDO_CLAUSE] depth=2 clause=ancestor(Arg_1,Arg_2):-Ref_143(Arg_1,Arg_2).
[RETRY] goal=ancestor(james,james)
[CALL] depth=2 goal=ancestor(james,james) clause=ancestor(Arg_1,Arg_2):-dad(Arg_1,Arg_4),ancestor(Arg_4,Arg_2).
[MATCH] depth=2 goal=ancestor(james,james) clause=ancestor(Arg_1,Arg_2):-dad(Arg_1,Arg_4),ancestor(Arg_4,Arg_2).
[TRY] goal=dad(james,Ref_191)
[CALL] depth=3 goal=dad(james,Ref_191) clause=dad(adam,james):.
[CALL] depth=3 goal=dad(james,Ref_191) clause=dad(ken,adam):.
[CALL] depth=3 goal=dad(james,Ref_191) clause=ancestor(Arg_1,Arg_2):-dad(Arg_1,Arg_4),ancestor(Arg_4,Arg_2).
[CALL] depth=3 goal=dad(james,Ref_191) clause=ancestor(Arg_1,Arg_2):-dad(Arg_1,Arg_4),ancestor(Arg_4,Arg_2).
[NO_MATCH] depth=3 goal=dad(james,Ref_191) tried 4 choices, Originally had 4 choices
[RETRY] goal=ancestor(james,james)
[CALL] depth=2 goal=ancestor(james,james) clause=ancestor(Arg_1,Arg_2):-dad(Arg_1,Arg_4),ancestor(Arg_4,Arg_2).
[MATCH] depth=2 goal=ancestor(james,james) clause=ancestor(Arg_1,Arg_2):-dad(Arg_1,Arg_4),ancestor(Arg_4,Arg_2).
[TRY] goal=dad(james,Ref_199)
[CALL] depth=3 goal=dad(james,Ref_199) clause=dad(adam,james):.
[CALL] depth=3 goal=dad(james,Ref_199) clause=dad(ken,adam):.
[CALL] depth=3 goal=dad(james,Ref_199) clause=ancestor(Arg_1,Arg_2):-dad(Arg_1,Arg_4),ancestor(Arg_4,Arg_2).
[CALL] depth=3 goal=dad(james,Ref_199) clause=ancestor(Arg_1,Arg_2):-dad(Arg_1,Arg_4),ancestor(Arg_4,Arg_2).
[NO_MATCH] depth=3 goal=dad(james,Ref_199) tried 4 choices, Originally had 4 choices
[RETRY] goal=ancestor(james,james)
[NO_MATCH] depth=2 goal=ancestor(james,james) tried 0 choices, Originally had 4 choices
[RETRY] goal=Ref_69(adam,Ref_71)
[CALL] depth=2 goal=Ref_69(adam,Ref_71) clause=dad(ken,adam):.
[CALL] depth=2 goal=Ref_69(adam,Ref_71) clause=P(X,Y):-Q(X,Z),P(Z,Y).
[ADD_CLAUSE] depth=2 goal=Ref_69(adam,Ref_71) clause=pred_2(Arg_1,Arg_2):-Ref_206(Arg_1,Arg_4),pred_2(Arg_4,Arg_2).
[INVENT_PRED] invented predicate for goal=Ref_69(adam,Ref_71)
[MATCH] depth=2 goal=Ref_69(adam,Ref_71) clause=P(X,Y):-Q(X,Z),P(Z,Y).
[TRY] goal=Ref_206(adam,Ref_208)
[CALL] depth=3 goal=Ref_206(adam,Ref_208) clause=mum(christine,tami):.
[CALL] depth=3 goal=Ref_206(adam,Ref_208) clause=mum(tami,luke):.
[CALL] depth=3 goal=Ref_206(adam,Ref_208) clause=mum(tami,james):.
[CALL] depth=3 goal=Ref_206(adam,Ref_208) clause=dad(adam,james):.
[MATCH] depth=3 goal=dad(adam,james) clause=dad(adam,james):.
[TRY] goal=pred_2(james,Ref_71)
[CALL] depth=3 goal=pred_2(james,Ref_71) clause=pred_2(Arg_1,Arg_2):-dad(Arg_1,Arg_4),pred_2(Arg_4,Arg_2).
[MATCH] depth=3 goal=pred_2(james,Ref_71) clause=pred_2(Arg_1,Arg_2):-dad(Arg_1,Arg_4),pred_2(Arg_4,Arg_2).
[TRY] goal=dad(james,Ref_228)
[CALL] depth=4 goal=dad(james,Ref_228) clause=dad(adam,james):.
[CALL] depth=4 goal=dad(james,Ref_228) clause=dad(ken,adam):.
[CALL] depth=4 goal=dad(james,Ref_228) clause=pred_2(Arg_1,Arg_2):-dad(Arg_1,Arg_4),pred_2(Arg_4,Arg_2).
[CALL] depth=4 goal=dad(james,Ref_228) clause=ancestor(Arg_1,Arg_2):-Ref_69(Arg_1,Arg_4),ancestor(Arg_4,Arg_2).
[CALL] depth=4 goal=dad(james,Ref_228) clause=ancestor(Arg_1,Arg_2):-dad(Arg_1,Arg_4),ancestor(Arg_4,Arg_2).
[NO_MATCH] depth=4 goal=dad(james,Ref_228) tried 5 choices, Originally had 5 choices
[RETRY] goal=pred_2(james,Ref_71)
[CALL] depth=3 goal=pred_2(james,Ref_71) clause=ancestor(Arg_1,Arg_2):-Ref_69(Arg_1,Arg_4),ancestor(Arg_4,Arg_2).
[CALL] depth=3 goal=pred_2(james,Ref_71) clause=ancestor(Arg_1,Arg_2):-dad(Arg_1,Arg_4),ancestor(Arg_4,Arg_2).
[NO_MATCH] depth=3 goal=pred_2(james,Ref_71) tried 2 choices, Originally had 5 choices
[RETRY] goal=Ref_206(adam,Ref_208)
[CALL] depth=3 goal=Ref_206(adam,Ref_208) clause=dad(ken,adam):.
[NO_MATCH] depth=3 goal=Ref_206(adam,Ref_208) tried 3 choices, Originally had 7 choices
[UNDO_CLAUSE] depth=2 clause=pred_2(Arg_1,Arg_2):-Ref_206(Arg_1,Arg_4),pred_2(Arg_4,Arg_2).
[RETRY] goal=Ref_69(adam,Ref_71)
[CALL] depth=2 goal=Ref_69(adam,Ref_71) clause=P(X,Y):-Q(X,Y).
[ADD_CLAUSE] depth=2 goal=Ref_69(adam,Ref_71) clause=pred_2(Arg_1,Arg_2):-Ref_235(Arg_1,Arg_2).
[INVENT_PRED] invented predicate for goal=Ref_69(adam,Ref_71)
[MATCH] depth=2 goal=Ref_69(adam,Ref_71) clause=P(X,Y):-Q(X,Y).
[TRY] goal=Ref_235(adam,Ref_71)
[CALL] depth=3 goal=Ref_235(adam,Ref_71) clause=mum(christine,tami):.
[CALL] depth=3 goal=Ref_235(adam,Ref_71) clause=mum(tami,luke):.
[CALL] depth=3 goal=Ref_235(adam,Ref_71) clause=mum(tami,james):.
[CALL] depth=3 goal=Ref_235(adam,Ref_71) clause=dad(adam,james):.
[MATCH] depth=3 goal=dad(adam,james) clause=dad(adam,james):.
[TRY] goal=ancestor(james,james)
[NO_MATCH] depth=2 goal=ancestor(james,james) tried 0 choices, Originally had 4 choices
[RETRY] goal=Ref_235(adam,Ref_71)
[CALL] depth=3 goal=Ref_235(adam,Ref_71) clause=dad(ken,adam):.
[NO_MATCH] depth=3 goal=Ref_235(adam,Ref_71) tried 3 choices, Originally had 7 choices
[UNDO_CLAUSE] depth=2 clause=pred_2(Arg_1,Arg_2):-Ref_235(Arg_1,Arg_2).
[RETRY] goal=Ref_69(adam,Ref_71)
[NO_MATCH] depth=2 goal=Ref_69(adam,Ref_71) tried 0 choices, Originally had 7 choices
[UNDO_CLAUSE] depth=1 clause=ancestor(Arg_1,Arg_2):-Ref_69(Arg_1,Arg_4),ancestor(Arg_4,Arg_2).
[RETRY] goal=ancestor(adam,james)
[CALL] depth=1 goal=ancestor(adam,james) clause=P(X,Y):-Q(X,Y).
[ADD_CLAUSE] depth=1 goal=ancestor(adam,james) clause=ancestor(Arg_1,Arg_2):-Ref_247(Arg_1,Arg_2).
[MATCH] depth=1 goal=ancestor(adam,james) clause=P(X,Y):-Q(X,Y).
[TRY] goal=Ref_247(adam,james)
[CALL] depth=2 goal=Ref_247(adam,james) clause=mum(christine,tami):.
[CALL] depth=2 goal=Ref_247(adam,james) clause=mum(tami,luke):.
[CALL] depth=2 goal=Ref_247(adam,james) clause=mum(tami,james):.
[CALL] depth=2 goal=Ref_247(adam,james) clause=dad(adam,james):.
[MATCH] depth=2 goal=dad(adam,james) clause=dad(adam,james):.
[TRY] goal=ancestor(christine,james)
[CALL] depth=0 goal=ancestor(christine,james) clause=P(X,Y):-Q(X,Z),P(Z,Y).
[ADD_CLAUSE] depth=0 goal=ancestor(christine,james) clause=ancestor(Arg_1,Arg_2):-Ref_259(Arg_1,Arg_4),ancestor(Arg_4,Arg_2).
[MATCH] depth=0 goal=ancestor(christine,james) clause=P(X,Y):-Q(X,Z),P(Z,Y).
[TRY] goal=Ref_259(christine,Ref_261)
[CALL] depth=1 goal=Ref_259(christine,Ref_261) clause=mum(christine,tami):.
[MATCH] depth=1 goal=mum(christine,tami) clause=mum(christine,tami):.
[TRY] goal=ancestor(tami,james)
[CALL] depth=1 goal=ancestor(tami,james) clause=P(X,Y):-Q(X,Z),P(Z,Y).
[ADD_CLAUSE] depth=1 goal=ancestor(tami,james) clause=ancestor(Arg_1,Arg_2):-Ref_279(Arg_1,Arg_4),ancestor(Arg_4,Arg_2).
[MATCH] depth=1 goal=ancestor(tami,james) clause=P(X,Y):-Q(X,Z),P(Z,Y).
[TRY] goal=Ref_279(tami,Ref_281)
[CALL] depth=2 goal=Ref_279(tami,Ref_281) clause=mum(christine,tami):.
[CALL] depth=2 goal=Ref_279(tami,Ref_281) clause=mum(tami,luke):.
[MATCH] depth=2 goal=mum(tami,luke) clause=mum(tami,luke):.
[TRY] goal=ancestor(luke,james)
[CALL] depth=2 goal=ancestor(luke,james) clause=ancestor(Arg_1,Arg_2):-mum(Arg_1,Arg_4),ancestor(Arg_4,Arg_2).
[MATCH] depth=2 goal=ancestor(luke,james) clause=ancestor(Arg_1,Arg_2):-mum(Arg_1,Arg_4),ancestor(Arg_4,Arg_2).
[TRY] goal=mum(luke,Ref_301)
[CALL] depth=3 goal=mum(luke,Ref_301) clause=mum(christine,tami):.
[CALL] depth=3 goal=mum(luke,Ref_301) clause=mum(tami,luke):.
[CALL] depth=3 goal=mum(luke,Ref_301) clause=mum(tami,james):.
[CALL] depth=3 goal=mum(luke,Ref_301) clause=ancestor(Arg_1,Arg_2):-mum(Arg_1,Arg_4),ancestor(Arg_4,Arg_2).
[CALL] depth=3 goal=mum(luke,Ref_301) clause=ancestor(Arg_1,Arg_2):-mum(Arg_1,Arg_4),ancestor(Arg_4,Arg_2).
[CALL] depth=3 goal=mum(luke,Ref_301) clause=ancestor(Arg_1,Arg_2):-dad(Arg_1,Arg_2).
[CALL] depth=3 goal=mum(luke,Ref_301) clause=ancestor(Arg_1,Arg_2):-dad(Arg_1,Arg_4),ancestor(Arg_4,Arg_2).
[NO_MATCH] depth=3 goal=mum(luke,Ref_301) tried 7 choices, Originally had 7 choices
[RETRY] goal=ancestor(luke,james)
[CALL] depth=2 goal=ancestor(luke,james) clause=ancestor(Arg_1,Arg_2):-mum(Arg_1,Arg_4),ancestor(Arg_4,Arg_2).
[MATCH] depth=2 goal=ancestor(luke,james) clause=ancestor(Arg_1,Arg_2):-mum(Arg_1,Arg_4),ancestor(Arg_4,Arg_2).
[TRY] goal=mum(luke,Ref_309)
[CALL] depth=3 goal=mum(luke,Ref_309) clause=mum(christine,tami):.
[CALL] depth=3 goal=mum(luke,Ref_309) clause=mum(tami,luke):.
[CALL] depth=3 goal=mum(luke,Ref_309) clause=mum(tami,james):.
[CALL] depth=3 goal=mum(luke,Ref_309) clause=ancestor(Arg_1,Arg_2):-mum(Arg_1,Arg_4),ancestor(Arg_4,Arg_2).
[CALL] depth=3 goal=mum(luke,Ref_309) clause=ancestor(Arg_1,Arg_2):-mum(Arg_1,Arg_4),ancestor(Arg_4,Arg_2).
[CALL] depth=3 goal=mum(luke,Ref_309) clause=ancestor(Arg_1,Arg_2):-dad(Arg_1,Arg_2).
[CALL] depth=3 goal=mum(luke,Ref_309) clause=ancestor(Arg_1,Arg_2):-dad(Arg_1,Arg_4),ancestor(Arg_4,Arg_2).
[NO_MATCH] depth=3 goal=mum(luke,Ref_309) tried 7 choices, Originally had 7 choices
[RETRY] goal=ancestor(luke,james)
[CALL] depth=2 goal=ancestor(luke,james) clause=ancestor(Arg_1,Arg_2):-dad(Arg_1,Arg_2).
[MATCH] depth=2 goal=ancestor(luke,james) clause=ancestor(Arg_1,Arg_2):-dad(Arg_1,Arg_2).
[TRY] goal=dad(luke,james)
[CALL] depth=3 goal=dad(luke,james) clause=dad(adam,james):.
[CALL] depth=3 goal=dad(luke,james) clause=dad(ken,adam):.
[CALL] depth=3 goal=dad(luke,james) clause=ancestor(Arg_1,Arg_2):-mum(Arg_1,Arg_4),ancestor(Arg_4,Arg_2).
[CALL] depth=3 goal=dad(luke,james) clause=ancestor(Arg_1,Arg_2):-mum(Arg_1,Arg_4),ancestor(Arg_4,Arg_2).
[CALL] depth=3 goal=dad(luke,james) clause=ancestor(Arg_1,Arg_2):-dad(Arg_1,Arg_2).
[CALL] depth=3 goal=dad(luke,james) clause=ancestor(Arg_1,Arg_2):-dad(Arg_1,Arg_4),ancestor(Arg_4,Arg_2).
[NO_MATCH] depth=3 goal=dad(luke,james) tried 6 choices, Originally had 6 choices
[RETRY] goal=ancestor(luke,james)
[CALL] depth=2 goal=ancestor(luke,james) clause=ancestor(Arg_1,Arg_2):-dad(Arg_1,Arg_4),ancestor(Arg_4,Arg_2).
[MATCH] depth=2 goal=ancestor(luke,james) clause=ancestor(Arg_1,Arg_2):-dad(Arg_1,Arg_4),ancestor(Arg_4,Arg_2).
[TRY] goal=dad(luke,Ref_321)
[CALL] depth=3 goal=dad(luke,Ref_321) clause=dad(adam,james):.
[CALL] depth=3 goal=dad(luke,Ref_321) clause=dad(ken,adam):.
[CALL] depth=3 goal=dad(luke,Ref_321) clause=ancestor(Arg_1,Arg_2):-mum(Arg_1,Arg_4),ancestor(Arg_4,Arg_2).
[CALL] depth=3 goal=dad(luke,Ref_321) clause=ancestor(Arg_1,Arg_2):-mum(Arg_1,Arg_4),ancestor(Arg_4,Arg_2).
[CALL] depth=3 goal=dad(luke,Ref_321) clause=ancestor(Arg_1,Arg_2):-dad(Arg_1,Arg_2).
[CALL] depth=3 goal=dad(luke,Ref_321) clause=ancestor(Arg_1,Arg_2):-dad(Arg_1,Arg_4),ancestor(Arg_4,Arg_2).
[NO_MATCH] depth=3 goal=dad(luke,Ref_321) tried 6 choices, Originally had 6 choices
[RETRY] goal=ancestor(luke,james)
[NO_MATCH] depth=2 goal=ancestor(luke,james) tried 0 choices, Originally had 6 choices
[RETRY] goal=Ref_279(tami,Ref_281)
[CALL] depth=2 goal=Ref_279(tami,Ref_281) clause=mum(tami,james):.
[MATCH] depth=2 goal=mum(tami,james) clause=mum(tami,james):.
[TRY] goal=ancestor(james,james)
[NO_MATCH] depth=2 goal=ancestor(james,james) tried 0 choices, Originally had 6 choices
[RETRY] goal=Ref_279(tami,Ref_281)
[CALL] depth=2 goal=Ref_279(tami,Ref_281) clause=dad(adam,james):.
[CALL] depth=2 goal=Ref_279(tami,Ref_281) clause=dad(ken,adam):.
[NO_MATCH] depth=2 goal=Ref_279(tami,Ref_281) tried 4 choices, Originally had 7 choices
[UNDO_CLAUSE] depth=1 clause=ancestor(Arg_1,Arg_2):-Ref_279(Arg_1,Arg_4),ancestor(Arg_4,Arg_2).
[RETRY] goal=ancestor(tami,james)
[CALL] depth=1 goal=ancestor(tami,james) clause=P(X,Y):-Q(X,Y).
[ADD_CLAUSE] depth=1 goal=ancestor(tami,james) clause=ancestor(Arg_1,Arg_2):-Ref_327(Arg_1,Arg_2).
[MATCH] depth=1 goal=ancestor(tami,james) clause=P(X,Y):-Q(X,Y).
[TRY] goal=Ref_327(tami,james)
[CALL] depth=2 goal=Ref_327(tami,james) clause=mum(christine,tami):.
[CALL] depth=2 goal=Ref_327(tami,james) clause=mum(tami,luke):.
[CALL] depth=2 goal=Ref_327(tami,james) clause=mum(tami,james):.
[MATCH] depth=2 goal=mum(tami,james) clause=mum(tami,james):.
[RESTART] pointer=8 stack_len=8 h_clauses=4
[RESTART_HYPOTHESIS]
  [0]: ancestor(Arg_1,Arg_2):-dad(Arg_1,Arg_4),ancestor(Arg_4,Arg_2).
  [1]: ancestor(Arg_1,Arg_2):-dad(Arg_1,Arg_2).
  [2]: ancestor(Arg_1,Arg_2):-mum(Arg_1,Arg_4),ancestor(Arg_4,Arg_2).
  [3]: ancestor(Arg_1,Arg_2):-mum(Arg_1,Arg_2).
[TRY] goal=Ref_327(tami,james)
[CALL] depth=2 goal=Ref_327(tami,james) clause=dad(adam,james):.
[CALL] depth=2 goal=Ref_327(tami,james) clause=dad(ken,adam):.
[NO_MATCH] depth=2 goal=Ref_327(tami,james) tried 4 choices, Originally had 7 choices
[UNDO_CLAUSE] depth=1 clause=ancestor(Arg_1,Arg_2):-Ref_327(Arg_1,Arg_2).
[RETRY] goal=ancestor(tami,james)
[CALL] depth=1 goal=ancestor(tami,james) clause=ancestor(Arg_1,Arg_2):-mum(Arg_1,Arg_4),ancestor(Arg_4,Arg_2).
[MATCH] depth=1 goal=ancestor(tami,james) clause=ancestor(Arg_1,Arg_2):-mum(Arg_1,Arg_4),ancestor(Arg_4,Arg_2).
[TRY] goal=mum(tami,Ref_341)
[CALL] depth=2 goal=mum(tami,Ref_341) clause=mum(christine,tami):.
[CALL] depth=2 goal=mum(tami,Ref_341) clause=mum(tami,luke):.
[MATCH] depth=2 goal=mum(tami,luke) clause=mum(tami,luke):.
[TRY] goal=ancestor(luke,james)
[CALL] depth=2 goal=ancestor(luke,james) clause=P(X,Y):-Q(X,Z),P(Z,Y).
[ADD_CLAUSE] depth=2 goal=ancestor(luke,james) clause=ancestor(Arg_1,Arg_2):-Ref_347(Arg_1,Arg_4),ancestor(Arg_4,Arg_2).
[MATCH] depth=2 goal=ancestor(luke,james) clause=P(X,Y):-Q(X,Z),P(Z,Y).
[TRY] goal=Ref_347(luke,Ref_349)
[CALL] depth=3 goal=Ref_347(luke,Ref_349) clause=mum(christine,tami):.
[CALL] depth=3 goal=Ref_347(luke,Ref_349) clause=mum(tami,luke):.
[CALL] depth=3 goal=Ref_347(luke,Ref_349) clause=mum(tami,james):.
[CALL] depth=3 goal=Ref_347(luke,Ref_349) clause=dad(adam,james):.
[CALL] depth=3 goal=Ref_347(luke,Ref_349) clause=dad(ken,adam):.
[NO_MATCH] depth=3 goal=Ref_347(luke,Ref_349) tried 7 choices, Originally had 7 choices
[UNDO_CLAUSE] depth=2 clause=ancestor(Arg_1,Arg_2):-Ref_347(Arg_1,Arg_4),ancestor(Arg_4,Arg_2).
[RETRY] goal=ancestor(luke,james)
[CALL] depth=2 goal=ancestor(luke,james) clause=P(X,Y):-Q(X,Y).
[ADD_CLAUSE] depth=2 goal=ancestor(luke,james) clause=ancestor(Arg_1,Arg_2):-Ref_367(Arg_1,Arg_2).
[MATCH] depth=2 goal=ancestor(luke,james) clause=P(X,Y):-Q(X,Y).
[TRY] goal=Ref_367(luke,james)
[CALL] depth=3 goal=Ref_367(luke,james) clause=mum(christine,tami):.
[CALL] depth=3 goal=Ref_367(luke,james) clause=mum(tami,luke):.
[CALL] depth=3 goal=Ref_367(luke,james) clause=mum(tami,james):.
[CALL] depth=3 goal=Ref_367(luke,james) clause=dad(adam,james):.
[CALL] depth=3 goal=Ref_367(luke,james) clause=dad(ken,adam):.
[NO_MATCH] depth=3 goal=Ref_367(luke,james) tried 7 choices, Originally had 7 choices
[UNDO_CLAUSE] depth=2 clause=ancestor(Arg_1,Arg_2):-Ref_367(Arg_1,Arg_2).
[RETRY] goal=ancestor(luke,james)
[CALL] depth=2 goal=ancestor(luke,james) clause=ancestor(Arg_1,Arg_2):-mum(Arg_1,Arg_4),ancestor(Arg_4,Arg_2).
[MATCH] depth=2 goal=ancestor(luke,james) clause=ancestor(Arg_1,Arg_2):-mum(Arg_1,Arg_4),ancestor(Arg_4,Arg_2).
[TRY] goal=mum(luke,Ref_381)
[CALL] depth=3 goal=mum(luke,Ref_381) clause=mum(christine,tami):.
[CALL] depth=3 goal=mum(luke,Ref_381) clause=mum(tami,luke):.
[CALL] depth=3 goal=mum(luke,Ref_381) clause=mum(tami,james):.
[CALL] depth=3 goal=mum(luke,Ref_381) clause=ancestor(Arg_1,Arg_2):-mum(Arg_1,Arg_4),ancestor(Arg_4,Arg_2).
[CALL] depth=3 goal=mum(luke,Ref_381) clause=ancestor(Arg_1,Arg_2):-dad(Arg_1,Arg_2).
[CALL] depth=3 goal=mum(luke,Ref_381) clause=ancestor(Arg_1,Arg_2):-dad(Arg_1,Arg_4),ancestor(Arg_4,Arg_2).
[NO_MATCH] depth=3 goal=mum(luke,Ref_381) tried 6 choices, Originally had 6 choices
[RETRY] goal=ancestor(luke,james)
[CALL] depth=2 goal=ancestor(luke,james) clause=ancestor(Arg_1,Arg_2):-dad(Arg_1,Arg_2).
[MATCH] depth=2 goal=ancestor(luke,james) clause=ancestor(Arg_1,Arg_2):-dad(Arg_1,Arg_2).
[TRY] goal=dad(luke,james)
[CALL] depth=3 goal=dad(luke,james) clause=dad(adam,james):.
[CALL] depth=3 goal=dad(luke,james) clause=dad(ken,adam):.
[CALL] depth=3 goal=dad(luke,james) clause=ancestor(Arg_1,Arg_2):-mum(Arg_1,Arg_4),ancestor(Arg_4,Arg_2).
[CALL] depth=3 goal=dad(luke,james) clause=ancestor(Arg_1,Arg_2):-dad(Arg_1,Arg_2).
[CALL] depth=3 goal=dad(luke,james) clause=ancestor(Arg_1,Arg_2):-dad(Arg_1,Arg_4),ancestor(Arg_4,Arg_2).
[NO_MATCH] depth=3 goal=dad(luke,james) tried 5 choices, Originally had 5 choices
[RETRY] goal=ancestor(luke,james)
[CALL] depth=2 goal=ancestor(luke,james) clause=ancestor(Arg_1,Arg_2):-dad(Arg_1,Arg_4),ancestor(Arg_4,Arg_2).
[MATCH] depth=2 goal=ancestor(luke,james) clause=ancestor(Arg_1,Arg_2):-dad(Arg_1,Arg_4),ancestor(Arg_4,Arg_2).
[TRY] goal=dad(luke,Ref_393)
[CALL] depth=3 goal=dad(luke,Ref_393) clause=dad(adam,james):.
[CALL] depth=3 goal=dad(luke,Ref_393) clause=dad(ken,adam):.
[CALL] depth=3 goal=dad(luke,Ref_393) clause=ancestor(Arg_1,Arg_2):-mum(Arg_1,Arg_4),ancestor(Arg_4,Arg_2).
[CALL] depth=3 goal=dad(luke,Ref_393) clause=ancestor(Arg_1,Arg_2):-dad(Arg_1,Arg_2).
[CALL] depth=3 goal=dad(luke,Ref_393) clause=ancestor(Arg_1,Arg_2):-dad(Arg_1,Arg_4),ancestor(Arg_4,Arg_2).
[NO_MATCH] depth=3 goal=dad(luke,Ref_393) tried 5 choices, Originally had 5 choices
[RETRY] goal=ancestor(luke,james)
[NO_MATCH] depth=2 goal=ancestor(luke,james) tried 0 choices, Originally had 5 choices
[RETRY] goal=mum(tami,Ref_341)
[CALL] depth=2 goal=mum(tami,Ref_341) clause=mum(tami,james):.
[MATCH] depth=2 goal=mum(tami,james) clause=mum(tami,james):.
[TRY] goal=ancestor(james,james)
[NO_MATCH] depth=2 goal=ancestor(james,james) tried 0 choices, Originally had 5 choices
[RETRY] goal=mum(tami,Ref_341)
[CALL] depth=2 goal=mum(tami,Ref_341) clause=ancestor(Arg_1,Arg_2):-mum(Arg_1,Arg_4),ancestor(Arg_4,Arg_2).
[CALL] depth=2 goal=mum(tami,Ref_341) clause=ancestor(Arg_1,Arg_2):-dad(Arg_1,Arg_2).
[CALL] depth=2 goal=mum(tami,Ref_341) clause=ancestor(Arg_1,Arg_2):-dad(Arg_1,Arg_4),ancestor(Arg_4,Arg_2).
[NO_MATCH] depth=2 goal=mum(tami,Ref_341) tried 3 choices, Originally had 6 choices
[RETRY] goal=ancestor(tami,james)
[CALL] depth=1 goal=ancestor(tami,james) clause=ancestor(Arg_1,Arg_2):-dad(Arg_1,Arg_2).
[MATCH] depth=1 goal=ancestor(tami,james) clause=ancestor(Arg_1,Arg_2):-dad(Arg_1,Arg_2).
[TRY] goal=dad(tami,james)
[CALL] depth=2 goal=dad(tami,james) clause=dad(adam,james):.
[CALL] depth=2 goal=dad(tami,james) clause=dad(ken,adam):.
[CALL] depth=2 goal=dad(tami,james) clause=ancestor(Arg_1,Arg_2):-mum(Arg_1,Arg_4),ancestor(Arg_4,Arg_2).
[CALL] depth=2 goal=dad(tami,james) clause=ancestor(Arg_1,Arg_2):-dad(Arg_1,Arg_2).
[CALL] depth=2 goal=dad(tami,james) clause=ancestor(Arg_1,Arg_2):-dad(Arg_1,Arg_4),ancestor(Arg_4,Arg_2).
[NO_MATCH] depth=2 goal=dad(tami,james) tried 5 choices, Originally had 5 choices
[RETRY] goal=ancestor(tami,james)
[CALL] depth=1 goal=ancestor(tami,james) clause=ancestor(Arg_1,Arg_2):-dad(Arg_1,Arg_4),ancestor(Arg_4,Arg_2).
[MATCH] depth=1 goal=ancestor(tami,james) clause=ancestor(Arg_1,Arg_2):-dad(Arg_1,Arg_4),ancestor(Arg_4,Arg_2).
[TRY] goal=dad(tami,Ref_405)
[CALL] depth=2 goal=dad(tami,Ref_405) clause=dad(adam,james):.
[CALL] depth=2 goal=dad(tami,Ref_405) clause=dad(ken,adam):.
[CALL] depth=2 goal=dad(tami,Ref_405) clause=ancestor(Arg_1,Arg_2):-mum(Arg_1,Arg_4),ancestor(Arg_4,Arg_2).
[CALL] depth=2 goal=dad(tami,Ref_405) clause=ancestor(Arg_1,Arg_2):-dad(Arg_1,Arg_2).
[CALL] depth=2 goal=dad(tami,Ref_405) clause=ancestor(Arg_1,Arg_2):-dad(Arg_1,Arg_4),ancestor(Arg_4,Arg_2).
[NO_MATCH] depth=2 goal=dad(tami,Ref_405) tried 5 choices, Originally had 5 choices
[RETRY] goal=ancestor(tami,james)
[NO_MATCH] depth=1 goal=ancestor(tami,james) tried 0 choices, Originally had 5 choices
[RETRY] goal=Ref_259(christine,Ref_261)
[CALL] depth=1 goal=Ref_259(christine,Ref_261) clause=mum(tami,luke):.
[CALL] depth=1 goal=Ref_259(christine,Ref_261) clause=mum(tami,james):.
[CALL] depth=1 goal=Ref_259(christine,Ref_261) clause=dad(adam,james):.
[CALL] depth=1 goal=Ref_259(christine,Ref_261) clause=dad(ken,adam):.
[CALL] depth=1 goal=Ref_259(christine,Ref_261) clause=P(X,Y):-Q(X,Z),P(Z,Y).
[ADD_CLAUSE] depth=1 goal=Ref_259(christine,Ref_261) clause=pred_3(Arg_1,Arg_2):-Ref_412(Arg_1,Arg_4),pred_3(Arg_4,Arg_2).
[INVENT_PRED] invented predicate for goal=Ref_259(christine,Ref_261)
[MATCH] depth=1 goal=Ref_259(christine,Ref_261) clause=P(X,Y):-Q(X,Z),P(Z,Y).
[TRY] goal=Ref_412(christine,Ref_414)
[CALL] depth=2 goal=Ref_412(christine,Ref_414) clause=mum(christine,tami):.
[MATCH] depth=2 goal=mum(christine,tami) clause=mum(christine,tami):.
[TRY] goal=pred_3(tami,Ref_261)
[CALL] depth=2 goal=pred_3(tami,Ref_261) clause=pred_3(Arg_1,Arg_2):-mum(Arg_1,Arg_4),pred_3(Arg_4,Arg_2).
[MATCH] depth=2 goal=pred_3(tami,Ref_261) clause=pred_3(Arg_1,Arg_2):-mum(Arg_1,Arg_4),pred_3(Arg_4,Arg_2).
[TRY] goal=mum(tami,Ref_434)
[CALL] depth=3 goal=mum(tami,Ref_434) clause=mum(christine,tami):.
[CALL] depth=3 goal=mum(tami,Ref_434) clause=mum(tami,luke):.
[MATCH] depth=3 goal=mum(tami,luke) clause=mum(tami,luke):.
[TRY] goal=pred_3(luke,Ref_261)
[CALL] depth=3 goal=pred_3(luke,Ref_261) clause=pred_3(Arg_1,Arg_2):-mum(Arg_1,Arg_4),pred_3(Arg_4,Arg_2).
[MATCH] depth=3 goal=pred_3(luke,Ref_261) clause=pred_3(Arg_1,Arg_2):-mum(Arg_1,Arg_4),pred_3(Arg_4,Arg_2).
[TRY] goal=mum(luke,Ref_442)
[CALL] depth=4 goal=mum(luke,Ref_442) clause=mum(christine,tami):.
[CALL] depth=4 goal=mum(luke,Ref_442) clause=mum(tami,luke):.
[CALL] depth=4 goal=mum(luke,Ref_442) clause=mum(tami,james):.
[CALL] depth=4 goal=mum(luke,Ref_442) clause=pred_3(Arg_1,Arg_2):-mum(Arg_1,Arg_4),pred_3(Arg_4,Arg_2).
[CALL] depth=4 goal=mum(luke,Ref_442) clause=ancestor(Arg_1,Arg_2):-Ref_259(Arg_1,Arg_4),ancestor(Arg_4,Arg_2).
[CALL] depth=4 goal=mum(luke,Ref_442) clause=ancestor(Arg_1,Arg_2):-dad(Arg_1,Arg_2).
[CALL] depth=4 goal=mum(luke,Ref_442) clause=ancestor(Arg_1,Arg_2):-dad(Arg_1,Arg_4),ancestor(Arg_4,Arg_2).
[NO_MATCH] depth=4 goal=mum(luke,Ref_442) tried 7 choices, Originally had 7 choices
[RETRY] goal=pred_3(luke,Ref_261)
[CALL] depth=3 goal=pred_3(luke,Ref_261) clause=ancestor(Arg_1,Arg_2):-Ref_259(Arg_1,Arg_4),ancestor(Arg_4,Arg_2).
[CALL] depth=3 goal=pred_3(luke,Ref_261) clause=ancestor(Arg_1,Arg_2):-dad(Arg_1,Arg_2).
[CALL] depth=3 goal=pred_3(luke,Ref_261) clause=ancestor(Arg_1,Arg_2):-dad(Arg_1,Arg_4),ancestor(Arg_4,Arg_2).
[NO_MATCH] depth=3 goal=pred_3(luke,Ref_261) tried 3 choices, Originally had 6 choices
[RETRY] goal=mum(tami,Ref_434)
[CALL] depth=3 goal=mum(tami,Ref_434) clause=mum(tami,james):.
[MATCH] depth=3 goal=mum(tami,james) clause=mum(tami,james):.
[TRY] goal=pred_3(james,Ref_261)
[NO_MATCH] depth=3 goal=pred_3(james,Ref_261) tried 0 choices, Originally had 6 choices
[RETRY] goal=mum(tami,Ref_434)
[CALL] depth=3 goal=mum(tami,Ref_434) clause=pred_3(Arg_1,Arg_2):-mum(Arg_1,Arg_4),pred_3(Arg_4,Arg_2).
[CALL] depth=3 goal=mum(tami,Ref_434) clause=ancestor(Arg_1,Arg_2):-Ref_259(Arg_1,Arg_4),ancestor(Arg_4,Arg_2).
[CALL] depth=3 goal=mum(tami,Ref_434) clause=ancestor(Arg_1,Arg_2):-dad(Arg_1,Arg_2).
[CALL] depth=3 goal=mum(tami,Ref_434) clause=ancestor(Arg_1,Arg_2):-dad(Arg_1,Arg_4),ancestor(Arg_4,Arg_2).
[NO_MATCH] depth=3 goal=mum(tami,Ref_434) tried 4 choices, Originally had 7 choices
[RETRY] goal=pred_3(tami,Ref_261)
[CALL] depth=2 goal=pred_3(tami,Ref_261) clause=ancestor(Arg_1,Arg_2):-Ref_259(Arg_1,Arg_4),ancestor(Arg_4,Arg_2).
[CALL] depth=2 goal=pred_3(tami,Ref_261) clause=ancestor(Arg_1,Arg_2):-dad(Arg_1,Arg_2).
[CALL] depth=2 goal=pred_3(tami,Ref_261) clause=ancestor(Arg_1,Arg_2):-dad(Arg_1,Arg_4),ancestor(Arg_4,Arg_2).
[NO_MATCH] depth=2 goal=pred_3(tami,Ref_261) tried 3 choices, Originally had 6 choices
[RETRY] goal=Ref_412(christine,Ref_414)
[CALL] depth=2 goal=Ref_412(christine,Ref_414) clause=mum(tami,luke):.
[CALL] depth=2 goal=Ref_412(christine,Ref_414) clause=mum(tami,james):.
[CALL] depth=2 goal=Ref_412(christine,Ref_414) clause=dad(adam,james):.
[CALL] depth=2 goal=Ref_412(christine,Ref_414) clause=dad(ken,adam):.
[NO_MATCH] depth=2 goal=Ref_412(christine,Ref_414) tried 6 choices, Originally had 7 choices
[UNDO_CLAUSE] depth=1 clause=pred_3(Arg_1,Arg_2):-Ref_412(Arg_1,Arg_4),pred_3(Arg_4,Arg_2).
[RETRY] goal=Ref_259(christine,Ref_261)
[CALL] depth=1 goal=Ref_259(christine,Ref_261) clause=P(X,Y):-Q(X,Y).
[ADD_CLAUSE] depth=1 goal=Ref_259(christine,Ref_261) clause=pred_3(Arg_1,Arg_2):-Ref_449(Arg_1,Arg_2).
[INVENT_PRED] invented predicate for goal=Ref_259(christine,Ref_261)
[MATCH] depth=1 goal=Ref_259(christine,Ref_261) clause=P(X,Y):-Q(X,Y).
[TRY] goal=Ref_449(christine,Ref_261)
[CALL] depth=2 goal=Ref_449(christine,Ref_261) clause=mum(christine,tami):.
[MATCH] depth=2 goal=mum(christine,tami) clause=mum(christine,tami):.
[TRY] goal=ancestor(tami,james)
[NO_MATCH] depth=1 goal=ancestor(tami,james) tried 0 choices, Originally had 5 choices
[RETRY] goal=Ref_449(christine,Ref_261)
[CALL] depth=2 goal=Ref_449(christine,Ref_261) clause=mum(tami,luke):.
[CALL] depth=2 goal=Ref_449(christine,Ref_261) clause=mum(tami,james):.
[CALL] depth=2 goal=Ref_449(christine,Ref_261) clause=dad(adam,james):.
[CALL] depth=2 goal=Ref_449(christine,Ref_261) clause=dad(ken,adam):.
[NO_MATCH] depth=2 goal=Ref_449(christine,Ref_261) tried 6 choices, Originally had 7 choices
[UNDO_CLAUSE] depth=1 clause=pred_3(Arg_1,Arg_2):-Ref_449(Arg_1,Arg_2).
[RETRY] goal=Ref_259(christine,Ref_261)
[NO_MATCH] depth=1 goal=Ref_259(christine,Ref_261) tried 0 choices, Originally had 7 choices
[UNDO_CLAUSE] depth=0 clause=ancestor(Arg_1,Arg_2):-Ref_259(Arg_1,Arg_4),ancestor(Arg_4,Arg_2).
[RETRY] goal=ancestor(christine,james)
[CALL] depth=0 goal=ancestor(christine,james) clause=P(X,Y):-Q(X,Y).
[ADD_CLAUSE] depth=0 goal=ancestor(christine,james) clause=ancestor(Arg_1,Arg_2):-Ref_461(Arg_1,Arg_2).
[MATCH] depth=0 goal=ancestor(christine,james) clause=P(X,Y):-Q(X,Y).
[TRY] goal=Ref_461(christine,james)
[CALL] depth=1 goal=Ref_461(christine,james) clause=mum(christine,tami):.
[CALL] depth=1 goal=Ref_461(christine,james) clause=mum(tami,luke):.
[CALL] depth=1 goal=Ref_461(christine,james) clause=mum(tami,james):.
[CALL] depth=1 goal=Ref_461(christine,james) clause=dad(adam,james):.
[CALL] depth=1 goal=Ref_461(christine,james) clause=dad(ken,adam):.
[CALL] depth=1 goal=Ref_461(christine,james) clause=P(X,Y):-Q(X,Z),P(Z,Y).
[ADD_CLAUSE] depth=1 goal=Ref_461(christine,james) clause=pred_3(Arg_1,Arg_2):-Ref_474(Arg_1,Arg_4),pred_3(Arg_4,Arg_2).
[INVENT_PRED] invented predicate for goal=Ref_461(christine,james)
[MATCH] depth=1 goal=Ref_461(christine,james) clause=P(X,Y):-Q(X,Z),P(Z,Y).
[TRY] goal=Ref_474(christine,Ref_476)
[CALL] depth=2 goal=Ref_474(christine,Ref_476) clause=mum(christine,tami):.
[MATCH] depth=2 goal=mum(christine,tami) clause=mum(christine,tami):.
[TRY] goal=pred_3(tami,james)
[CALL] depth=2 goal=pred_3(tami,james) clause=pred_3(Arg_1,Arg_2):-mum(Arg_1,Arg_4),pred_3(Arg_4,Arg_2).
[MATCH] depth=2 goal=pred_3(tami,james) clause=pred_3(Arg_1,Arg_2):-mum(Arg_1,Arg_4),pred_3(Arg_4,Arg_2).
[TRY] goal=mum(tami,Ref_496)
[CALL] depth=3 goal=mum(tami,Ref_496) clause=mum(christine,tami):.
[CALL] depth=3 goal=mum(tami,Ref_496) clause=mum(tami,luke):.
[MATCH] depth=3 goal=mum(tami,luke) clause=mum(tami,luke):.
[TRY] goal=pred_3(luke,james)
[CALL] depth=3 goal=pred_3(luke,james) clause=pred_3(Arg_1,Arg_2):-mum(Arg_1,Arg_4),pred_3(Arg_4,Arg_2).
[MATCH] depth=3 goal=pred_3(luke,james) clause=pred_3(Arg_1,Arg_2):-mum(Arg_1,Arg_4),pred_3(Arg_4,Arg_2).
[TRY] goal=mum(luke,Ref_504)
[CALL] depth=4 goal=mum(luke,Ref_504) clause=mum(christine,tami):.
[CALL] depth=4 goal=mum(luke,Ref_504) clause=mum(tami,luke):.
[CALL] depth=4 goal=mum(luke,Ref_504) clause=mum(tami,james):.
[CALL] depth=4 goal=mum(luke,Ref_504) clause=pred_3(Arg_1,Arg_2):-mum(Arg_1,Arg_4),pred_3(Arg_4,Arg_2).
[CALL] depth=4 goal=mum(luke,Ref_504) clause=ancestor(Arg_1,Arg_2):-Ref_461(Arg_1,Arg_2).
[CALL] depth=4 goal=mum(luke,Ref_504) clause=ancestor(Arg_1,Arg_2):-dad(Arg_1,Arg_2).
[CALL] depth=4 goal=mum(luke,Ref_504) clause=ancestor(Arg_1,Arg_2):-dad(Arg_1,Arg_4),ancestor(Arg_4,Arg_2).
[NO_MATCH] depth=4 goal=mum(luke,Ref_504) tried 7 choices, Originally had 7 choices
[RETRY] goal=pred_3(luke,james)
[CALL] depth=3 goal=pred_3(luke,james) clause=ancestor(Arg_1,Arg_2):-Ref_461(Arg_1,Arg_2).
[CALL] depth=3 goal=pred_3(luke,james) clause=ancestor(Arg_1,Arg_2):-dad(Arg_1,Arg_2).
[CALL] depth=3 goal=pred_3(luke,james) clause=ancestor(Arg_1,Arg_2):-dad(Arg_1,Arg_4),ancestor(Arg_4,Arg_2).
[NO_MATCH] depth=3 goal=pred_3(luke,james) tried 3 choices, Originally had 6 choices
[RETRY] goal=mum(tami,Ref_496)
[CALL] depth=3 goal=mum(tami,Ref_496) clause=mum(tami,james):.
[MATCH] depth=3 goal=mum(tami,james) clause=mum(tami,james):.
[TRY] goal=pred_3(james,james)
[NO_MATCH] depth=3 goal=pred_3(james,james) tried 0 choices, Originally had 6 choices
[RETRY] goal=mum(tami,Ref_496)
[CALL] depth=3 goal=mum(tami,Ref_496) clause=pred_3(Arg_1,Arg_2):-mum(Arg_1,Arg_4),pred_3(Arg_4,Arg_2).
[CALL] depth=3 goal=mum(tami,Ref_496) clause=ancestor(Arg_1,Arg_2):-Ref_461(Arg_1,Arg_2).
[CALL] depth=3 goal=mum(tami,Ref_496) clause=ancestor(Arg_1,Arg_2):-dad(Arg_1,Arg_2).
[CALL] depth=3 goal=mum(tami,Ref_496) clause=ancestor(Arg_1,Arg_2):-dad(Arg_1,Arg_4),ancestor(Arg_4,Arg_2).
[NO_MATCH] depth=3 goal=mum(tami,Ref_496) tried 4 choices, Originally had 7 choices
[RETRY] goal=pred_3(tami,james)
[CALL] depth=2 goal=pred_3(tami,james) clause=ancestor(Arg_1,Arg_2):-Ref_461(Arg_1,Arg_2).
[CALL] depth=2 goal=pred_3(tami,james) clause=ancestor(Arg_1,Arg_2):-dad(Arg_1,Arg_2).
[CALL] depth=2 goal=pred_3(tami,james) clause=ancestor(Arg_1,Arg_2):-dad(Arg_1,Arg_4),ancestor(Arg_4,Arg_2).
[NO_MATCH] depth=2 goal=pred_3(tami,james) tried 3 choices, Originally had 6 choices
[RETRY] goal=Ref_474(christine,Ref_476)
[CALL] depth=2 goal=Ref_474(christine,Ref_476) clause=mum(tami,luke):.
[CALL] depth=2 goal=Ref_474(christine,Ref_476) clause=mum(tami,james):.
[CALL] depth=2 goal=Ref_474(christine,Ref_476) clause=dad(adam,james):.
[CALL] depth=2 goal=Ref_474(christine,Ref_476) clause=dad(ken,adam):.
[NO_MATCH] depth=2 goal=Ref_474(christine,Ref_476) tried 6 choices, Originally had 7 choices
[UNDO_CLAUSE] depth=1 clause=pred_3(Arg_1,Arg_2):-Ref_474(Arg_1,Arg_4),pred_3(Arg_4,Arg_2).
[RETRY] goal=Ref_461(christine,james)
[CALL] depth=1 goal=Ref_461(christine,james) clause=P(X,Y):-Q(X,Y).
[ADD_CLAUSE] depth=1 goal=Ref_461(christine,james) clause=pred_3(Arg_1,Arg_2):-Ref_511(Arg_1,Arg_2).
[INVENT_PRED] invented predicate for goal=Ref_461(christine,james)
[MATCH] depth=1 goal=Ref_461(christine,james) clause=P(X,Y):-Q(X,Y).
[TRY] goal=Ref_511(christine,james)
[CALL] depth=2 goal=Ref_511(christine,james) clause=mum(christine,tami):.
[CALL] depth=2 goal=Ref_511(christine,james) clause=mum(tami,luke):.
[CALL] depth=2 goal=Ref_511(christine,james) clause=mum(tami,james):.
[CALL] depth=2 goal=Ref_511(christine,james) clause=dad(adam,james):.
[CALL] depth=2 goal=Ref_511(christine,james) clause=dad(ken,adam):.
[NO_MATCH] depth=2 goal=Ref_511(christine,james) tried 7 choices, Originally had 7 choices
[UNDO_CLAUSE] depth=1 clause=pred_3(Arg_1,Arg_2):-Ref_511(Arg_1,Arg_2).
[RETRY] goal=Ref_461(christine,james)
[NO_MATCH] depth=1 goal=Ref_461(christine,james) tried 0 choices, Originally had 7 choices
[UNDO_CLAUSE] depth=0 clause=ancestor(Arg_1,Arg_2):-Ref_461(Arg_1,Arg_2).
[RETRY] goal=ancestor(christine,james)
[CALL] depth=0 goal=ancestor(christine,james) clause=ancestor(Arg_1,Arg_2):-dad(Arg_1,Arg_2).
[MATCH] depth=0 goal=ancestor(christine,james) clause=ancestor(Arg_1,Arg_2):-dad(Arg_1,Arg_2).
[TRY] goal=dad(christine,james)
[CALL] depth=1 goal=dad(christine,james) clause=dad(adam,james):.
[CALL] depth=1 goal=dad(christine,james) clause=dad(ken,adam):.
[CALL] depth=1 goal=dad(christine,james) clause=ancestor(Arg_1,Arg_2):-dad(Arg_1,Arg_2).
[CALL] depth=1 goal=dad(christine,james) clause=ancestor(Arg_1,Arg_2):-dad(Arg_1,Arg_4),ancestor(Arg_4,Arg_2).
[NO_MATCH] depth=1 goal=dad(christine,james) tried 4 choices, Originally had 4 choices
[RETRY] goal=ancestor(christine,james)
[CALL] depth=0 goal=ancestor(christine,james) clause=ancestor(Arg_1,Arg_2):-dad(Arg_1,Arg_4),ancestor(Arg_4,Arg_2).
[MATCH] depth=0 goal=ancestor(christine,james) clause=ancestor(Arg_1,Arg_2):-dad(Arg_1,Arg_4),ancestor(Arg_4,Arg_2).
[TRY] goal=dad(christine,Ref_529)
[CALL] depth=1 goal=dad(christine,Ref_529) clause=dad(adam,james):.
[CALL] depth=1 goal=dad(christine,Ref_529) clause=dad(ken,adam):.
[CALL] depth=1 goal=dad(christine,Ref_529) clause=ancestor(Arg_1,Arg_2):-dad(Arg_1,Arg_2).
[CALL] depth=1 goal=dad(christine,Ref_529) clause=ancestor(Arg_1,Arg_2):-dad(Arg_1,Arg_4),ancestor(Arg_4,Arg_2).
[NO_MATCH] depth=1 goal=dad(christine,Ref_529) tried 4 choices, Originally had 4 choices
[RETRY] goal=ancestor(christine,james)
[NO_MATCH] depth=0 goal=ancestor(christine,james) tried 0 choices, Originally had 4 choices
[RETRY] goal=Ref_247(adam,james)
[CALL] depth=2 goal=Ref_247(adam,james) clause=dad(ken,adam):.
[CALL] depth=2 goal=Ref_247(adam,james) clause=P(X,Y):-Q(X,Z),P(Z,Y).
[ADD_CLAUSE] depth=2 goal=Ref_247(adam,james) clause=pred_2(Arg_1,Arg_2):-Ref_536(Arg_1,Arg_4),pred_2(Arg_4,Arg_2).
[INVENT_PRED] invented predicate for goal=Ref_247(adam,james)
[MATCH] depth=2 goal=Ref_247(adam,james) clause=P(X,Y):-Q(X,Z),P(Z,Y).
[TRY] goal=Ref_536(adam,Ref_538)
[CALL] depth=3 goal=Ref_536(adam,Ref_538) clause=mum(christine,tami):.
[CALL] depth=3 goal=Ref_536(adam,Ref_538) clause=mum(tami,luke):.
[CALL] depth=3 goal=Ref_536(adam,Ref_538) clause=mum(tami,james):.
[CALL] depth=3 goal=Ref_536(adam,Ref_538) clause=dad(adam,james):.
[MATCH] depth=3 goal=dad(adam,james) clause=dad(adam,james):.
[TRY] goal=pred_2(james,james)
[CALL] depth=3 goal=pred_2(james,james) clause=pred_2(Arg_1,Arg_2):-dad(Arg_1,Arg_4),pred_2(Arg_4,Arg_2).
[MATCH] depth=3 goal=pred_2(james,james) clause=pred_2(Arg_1,Arg_2):-dad(Arg_1,Arg_4),pred_2(Arg_4,Arg_2).
[TRY] goal=dad(james,Ref_558)
[CALL] depth=4 goal=dad(james,Ref_558) clause=dad(adam,james):.
[CALL] depth=4 goal=dad(james,Ref_558) clause=dad(ken,adam):.
[CALL] depth=4 goal=dad(james,Ref_558) clause=pred_2(Arg_1,Arg_2):-dad(Arg_1,Arg_4),pred_2(Arg_4,Arg_2).
[CALL] depth=4 goal=dad(james,Ref_558) clause=ancestor(Arg_1,Arg_2):-Ref_247(Arg_1,Arg_2).
[CALL] depth=4 goal=dad(james,Ref_558) clause=ancestor(Arg_1,Arg_2):-dad(Arg_1,Arg_4),ancestor(Arg_4,Arg_2).
[NO_MATCH] depth=4 goal=dad(james,Ref_558) tried 5 choices, Originally had 5 choices
[RETRY] goal=pred_2(james,james)
[CALL] depth=3 goal=pred_2(james,james) clause=ancestor(Arg_1,Arg_2):-Ref_247(Arg_1,Arg_2).
[CALL] depth=3 goal=pred_2(james,james) clause=ancestor(Arg_1,Arg_2):-dad(Arg_1,Arg_4),ancestor(Arg_4,Arg_2).
[NO_MATCH] depth=3 goal=pred_2(james,james) tried 2 choices, Originally had 5 choices
[RETRY] goal=Ref_536(adam,Ref_538)
[CALL] depth=3 goal=Ref_536(adam,Ref_538) clause=dad(ken,adam):.
[NO_MATCH] depth=3 goal=Ref_536(adam,Ref_538) tried 3 choices, Originally had 7 choices
[UNDO_CLAUSE] depth=2 clause=pred_2(Arg_1,Arg_2):-Ref_536(Arg_1,Arg_4),pred_2(Arg_4,Arg_2).
[RETRY] goal=Ref_247(adam,james)
[CALL] depth=2 goal=Ref_247(adam,james) clause=P(X,Y):-Q(X,Y).
[ADD_CLAUSE] depth=2 goal=Ref_247(adam,james) clause=pred_2(Arg_1,Arg_2):-Ref_565(Arg_1,Arg_2).
[INVENT_PRED] invented predicate for goal=Ref_247(adam,james)
[MATCH] depth=2 goal=Ref_247(adam,james) clause=P(X,Y):-Q(X,Y).
[TRY] goal=Ref_565(adam,james)
[CALL] depth=3 goal=Ref_565(adam,james) clause=mum(christine,tami):.
[CALL] depth=3 goal=Ref_565(adam,james) clause=mum(tami,luke):.
[CALL] depth=3 goal=Ref_565(adam,james) clause=mum(tami,james):.
[CALL] depth=3 goal=Ref_565(adam,james) clause=dad(adam,james):.
[MATCH] depth=3 goal=dad(adam,james) clause=dad(adam,james):.
[TRY] goal=ancestor(christine,james)
[NO_MATCH] depth=0 goal=ancestor(christine,james) tried 0 choices, Originally had 4 choices
[RETRY] goal=Ref_565(adam,james)
[CALL] depth=3 goal=Ref_565(adam,james) clause=dad(ken,adam):.
[NO_MATCH] depth=3 goal=Ref_565(adam,james) tried 3 choices, Originally had 7 choices
[UNDO_CLAUSE] depth=2 clause=pred_2(Arg_1,Arg_2):-Ref_565(Arg_1,Arg_2).
[RETRY] goal=Ref_247(adam,james)
[NO_MATCH] depth=2 goal=Ref_247(adam,james) tried 0 choices, Originally had 7 choices
[UNDO_CLAUSE] depth=1 clause=ancestor(Arg_1,Arg_2):-Ref_247(Arg_1,Arg_2).
[RETRY] goal=ancestor(adam,james)
[CALL] depth=1 goal=ancestor(adam,james) clause=ancestor(Arg_1,Arg_2):-dad(Arg_1,Arg_4),ancestor(Arg_4,Arg_2).
[MATCH] depth=1 goal=ancestor(adam,james) clause=ancestor(Arg_1,Arg_2):-dad(Arg_1,Arg_4),ancestor(Arg_4,Arg_2).
[TRY] goal=dad(adam,Ref_579)
[CALL] depth=2 goal=dad(adam,Ref_579) clause=dad(adam,james):.
[MATCH] depth=2 goal=dad(adam,james) clause=dad(adam,james):.
[TRY] goal=ancestor(james,james)
[CALL] depth=2 goal=ancestor(james,james) clause=P(X,Y):-Q(X,Z),P(Z,Y).
[ADD_CLAUSE] depth=2 goal=ancestor(james,james) clause=ancestor(Arg_1,Arg_2):-Ref_585(Arg_1,Arg_4),ancestor(Arg_4,Arg_2).
[MATCH] depth=2 goal=ancestor(james,james) clause=P(X,Y):-Q(X,Z),P(Z,Y).
[TRY] goal=Ref_585(james,Ref_587)
[CALL] depth=3 goal=Ref_585(james,Ref_587) clause=mum(christine,tami):.
[CALL] depth=3 goal=Ref_585(james,Ref_587) clause=mum(tami,luke):.
[CALL] depth=3 goal=Ref_585(james,Ref_587) clause=mum(tami,james):.
[CALL] depth=3 goal=Ref_585(james,Ref_587) clause=dad(adam,james):.
[CALL] depth=3 goal=Ref_585(james,Ref_587) clause=dad(ken,adam):.
[CALL] depth=3 goal=Ref_585(james,Ref_587) clause=P(X,Y):-Q(X,Z),P(Z,Y).
[ADD_CLAUSE] depth=3 goal=Ref_585(james,Ref_587) clause=pred_2(Arg_1,Arg_2):-Ref_606(Arg_1,Arg_4),pred_2(Arg_4,Arg_2).
[INVENT_PRED] invented predicate for goal=Ref_585(james,Ref_587)
[MATCH] depth=3 goal=Ref_585(james,Ref_587) clause=P(X,Y):-Q(X,Z),P(Z,Y).
[TRY] goal=Ref_606(james,Ref_608)
[CALL] depth=4 goal=Ref_606(james,Ref_608) clause=mum(christine,tami):.
[CALL] depth=4 goal=Ref_606(james,Ref_608) clause=mum(tami,luke):.
[CALL] depth=4 goal=Ref_606(james,Ref_608) clause=mum(tami,james):.
[CALL] depth=4 goal=Ref_606(james,Ref_608) clause=dad(adam,james):.
[CALL] depth=4 goal=Ref_606(james,Ref_608) clause=dad(ken,adam):.
[NO_MATCH] depth=4 goal=Ref_606(james,Ref_608) tried 7 choices, Originally had 7 choices
[UNDO_CLAUSE] depth=3 clause=pred_2(Arg_1,Arg_2):-Ref_606(Arg_1,Arg_4),pred_2(Arg_4,Arg_2).
[RETRY] goal=Ref_585(james,Ref_587)
[CALL] depth=3 goal=Ref_585(james,Ref_587) clause=P(X,Y):-Q(X,Y).
[ADD_CLAUSE] depth=3 goal=Ref_585(james,Ref_587) clause=pred_2(Arg_1,Arg_2):-Ref_627(Arg_1,Arg_2).
[INVENT_PRED] invented predicate for goal=Ref_585(james,Ref_587)
[MATCH] depth=3 goal=Ref_585(james,Ref_587) clause=P(X,Y):-Q(X,Y).
[TRY] goal=Ref_627(james,Ref_587)
[CALL] depth=4 goal=Ref_627(james,Ref_587) clause=mum(christine,tami):.
[CALL] depth=4 goal=Ref_627(james,Ref_587) clause=mum(tami,luke):.
[CALL] depth=4 goal=Ref_627(james,Ref_587) clause=mum(tami,james):.
[CALL] depth=4 goal=Ref_627(james,Ref_587) clause=dad(adam,james):.
[CALL] depth=4 goal=Ref_627(james,Ref_587) clause=dad(ken,adam):.
[NO_MATCH] depth=4 goal=Ref_627(james,Ref_587) tried 7 choices, Originally had 7 choices
[UNDO_CLAUSE] depth=3 clause=pred_2(Arg_1,Arg_2):-Ref_627(Arg_1,Arg_2).
[RETRY] goal=Ref_585(james,Ref_587)
[NO_MATCH] depth=3 goal=Ref_585(james,Ref_587) tried 0 choices, Originally had 7 choices
[UNDO_CLAUSE] depth=2 clause=ancestor(Arg_1,Arg_2):-Ref_585(Arg_1,Arg_4),ancestor(Arg_4,Arg_2).
[RETRY] goal=ancestor(james,james)
[CALL] depth=2 goal=ancestor(james,james) clause=P(X,Y):-Q(X,Y).
[ADD_CLAUSE] depth=2 goal=ancestor(james,james) clause=ancestor(Arg_1,Arg_2):-Ref_639(Arg_1,Arg_2).
[MATCH] depth=2 goal=ancestor(james,james) clause=P(X,Y):-Q(X,Y).
[TRY] goal=Ref_639(james,james)
[CALL] depth=3 goal=Ref_639(james,james) clause=mum(christine,tami):.
[CALL] depth=3 goal=Ref_639(james,james) clause=mum(tami,luke):.
[CALL] depth=3 goal=Ref_639(james,james) clause=mum(tami,james):.
[CALL] depth=3 goal=Ref_639(james,james) clause=dad(adam,james):.
[CALL] depth=3 goal=Ref_639(james,james) clause=dad(ken,adam):.
[CALL] depth=3 goal=Ref_639(james,james) clause=P(X,Y):-Q(X,Z),P(Z,Y).
[ADD_CLAUSE] depth=3 goal=Ref_639(james,james) clause=pred_2(Arg_1,Arg_2):-Ref_652(Arg_1,Arg_4),pred_2(Arg_4,Arg_2).
[INVENT_PRED] invented predicate for goal=Ref_639(james,james)
[MATCH] depth=3 goal=Ref_639(james,james) clause=P(X,Y):-Q(X,Z),P(Z,Y).
[TRY] goal=Ref_652(james,Ref_654)
[CALL] depth=4 goal=Ref_652(james,Ref_654) clause=mum(christine,tami):.
[CALL] depth=4 goal=Ref_652(james,Ref_654) clause=mum(tami,luke):.
[CALL] depth=4 goal=Ref_652(james,Ref_654) clause=mum(tami,james):.
[CALL] depth=4 goal=Ref_652(james,Ref_654) clause=dad(adam,james):.
[CALL] depth=4 goal=Ref_652(james,Ref_654) clause=dad(ken,adam):.
[NO_MATCH] depth=4 goal=Ref_652(james,Ref_654) tried 7 choices, Originally had 7 choices
[UNDO_CLAUSE] depth=3 clause=pred_2(Arg_1,Arg_2):-Ref_652(Arg_1,Arg_4),pred_2(Arg_4,Arg_2).
[RETRY] goal=Ref_639(james,james)
[CALL] depth=3 goal=Ref_639(james,james) clause=P(X,Y):-Q(X,Y).
[ADD_CLAUSE] depth=3 goal=Ref_639(james,james) clause=pred_2(Arg_1,Arg_2):-Ref_673(Arg_1,Arg_2).
[INVENT_PRED] invented predicate for goal=Ref_639(james,james)
[MATCH] depth=3 goal=Ref_639(james,james) clause=P(X,Y):-Q(X,Y).
[TRY] goal=Ref_673(james,james)
[CALL] depth=4 goal=Ref_673(james,james) clause=mum(christine,tami):.
[CALL] depth=4 goal=Ref_673(james,james) clause=mum(tami,luke):.
[CALL] depth=4 goal=Ref_673(james,james) clause=mum(tami,james):.
[CALL] depth=4 goal=Ref_673(james,james) clause=dad(adam,james):.
[CALL] depth=4 goal=Ref_673(james,james) clause=dad(ken,adam):.
[NO_MATCH] depth=4 goal=Ref_673(james,james) tried 7 choices, Originally had 7 choices
[UNDO_CLAUSE] depth=3 clause=pred_2(Arg_1,Arg_2):-Ref_673(Arg_1,Arg_2).
[RETRY] goal=Ref_639(james,james)
[NO_MATCH] depth=3 goal=Ref_639(james,james) tried 0 choices, Originally had 7 choices
[UNDO_CLAUSE] depth=2 clause=ancestor(Arg_1,Arg_2):-Ref_639(Arg_1,Arg_2).
[RETRY] goal=ancestor(james,james)
[CALL] depth=2 goal=ancestor(james,james) clause=ancestor(Arg_1,Arg_2):-dad(Arg_1,Arg_4),ancestor(Arg_4,Arg_2).
[MATCH] depth=2 goal=ancestor(james,james) clause=ancestor(Arg_1,Arg_2):-dad(Arg_1,Arg_4),ancestor(Arg_4,Arg_2).
[TRY] goal=dad(james,Ref_687)
[CALL] depth=3 goal=dad(james,Ref_687) clause=dad(adam,james):.
[CALL] depth=3 goal=dad(james,Ref_687) clause=dad(ken,adam):.
[CALL] depth=3 goal=dad(james,Ref_687) clause=ancestor(Arg_1,Arg_2):-dad(Arg_1,Arg_4),ancestor(Arg_4,Arg_2).
[NO_MATCH] depth=3 goal=dad(james,Ref_687) tried 3 choices, Originally had 3 choices
[RETRY] goal=ancestor(james,james)
[NO_MATCH] depth=2 goal=ancestor(james,james) tried 0 choices, Originally had 3 choices
[RETRY] goal=dad(adam,Ref_579)
[CALL] depth=2 goal=dad(adam,Ref_579) clause=dad(ken,adam):.
[CALL] depth=2 goal=dad(adam,Ref_579) clause=ancestor(Arg_1,Arg_2):-dad(Arg_1,Arg_4),ancestor(Arg_4,Arg_2).
[NO_MATCH] depth=2 goal=dad(adam,Ref_579) tried 2 choices, Originally had 3 choices
[RETRY] goal=ancestor(adam,james)
[NO_MATCH] depth=1 goal=ancestor(adam,james) tried 0 choices, Originally had 3 choices
[RETRY] goal=Ref_49(ken,Ref_51)
[CALL] depth=1 goal=Ref_49(ken,Ref_51) clause=P(X,Y):-Q(X,Z),P(Z,Y).
[ADD_CLAUSE] depth=1 goal=Ref_49(ken,Ref_51) clause=pred_1(Arg_1,Arg_2):-Ref_694(Arg_1,Arg_4),pred_1(Arg_4,Arg_2).
[INVENT_PRED] invented predicate for goal=Ref_49(ken,Ref_51)
[MATCH] depth=1 goal=Ref_49(ken,Ref_51) clause=P(X,Y):-Q(X,Z),P(Z,Y).
[TRY] goal=Ref_694(ken,Ref_696)
[CALL] depth=2 goal=Ref_694(ken,Ref_696) clause=mum(christine,tami):.
[CALL] depth=2 goal=Ref_694(ken,Ref_696) clause=mum(tami,luke):.
[CALL] depth=2 goal=Ref_694(ken,Ref_696) clause=mum(tami,james):.
[CALL] depth=2 goal=Ref_694(ken,Ref_696) clause=dad(adam,james):.
[CALL] depth=2 goal=Ref_694(ken,Ref_696) clause=dad(ken,adam):.
[MATCH] depth=2 goal=dad(ken,adam) clause=dad(ken,adam):.
[TRY] goal=pred_1(adam,Ref_51)
[CALL] depth=2 goal=pred_1(adam,Ref_51) clause=pred_1(Arg_1,Arg_2):-dad(Arg_1,Arg_4),pred_1(Arg_4,Arg_2).
[MATCH] depth=2 goal=pred_1(adam,Ref_51) clause=pred_1(Arg_1,Arg_2):-dad(Arg_1,Arg_4),pred_1(Arg_4,Arg_2).
[TRY] goal=dad(adam,Ref_716)
[CALL] depth=3 goal=dad(adam,Ref_716) clause=dad(adam,james):.
[MATCH] depth=3 goal=dad(adam,james) clause=dad(adam,james):.
[TRY] goal=pred_1(james,Ref_51)
[CALL] depth=3 goal=pred_1(james,Ref_51) clause=pred_1(Arg_1,Arg_2):-dad(Arg_1,Arg_4),pred_1(Arg_4,Arg_2).
[MATCH] depth=3 goal=pred_1(james,Ref_51) clause=pred_1(Arg_1,Arg_2):-dad(Arg_1,Arg_4),pred_1(Arg_4,Arg_2).
[TRY] goal=dad(james,Ref_724)
[CALL] depth=4 goal=dad(james,Ref_724) clause=dad(adam,james):.
[CALL] depth=4 goal=dad(james,Ref_724) clause=dad(ken,adam):.
[CALL] depth=4 goal=dad(james,Ref_724) clause=pred_1(Arg_1,Arg_2):-dad(Arg_1,Arg_4),pred_1(Arg_4,Arg_2).
[CALL] depth=4 goal=dad(james,Ref_724) clause=ancestor(Arg_1,Arg_2):-Ref_49(Arg_1,Arg_4),ancestor(Arg_4,Arg_2).
[NO_MATCH] depth=4 goal=dad(james,Ref_724) tried 4 choices, Originally had 4 choices
[RETRY] goal=pred_1(james,Ref_51)
[CALL] depth=3 goal=pred_1(james,Ref_51) clause=ancestor(Arg_1,Arg_2):-Ref_49(Arg_1,Arg_4),ancestor(Arg_4,Arg_2).
[NO_MATCH] depth=3 goal=pred_1(james,Ref_51) tried 1 choices, Originally had 4 choices
[RETRY] goal=dad(adam,Ref_716)
[CALL] depth=3 goal=dad(adam,Ref_716) clause=dad(ken,adam):.
[CALL] depth=3 goal=dad(adam,Ref_716) clause=pred_1(Arg_1,Arg_2):-dad(Arg_1,Arg_4),pred_1(Arg_4,Arg_2).
[CALL] depth=3 goal=dad(adam,Ref_716) clause=ancestor(Arg_1,Arg_2):-Ref_49(Arg_1,Arg_4),ancestor(Arg_4,Arg_2).
[NO_MATCH] depth=3 goal=dad(adam,Ref_716) tried 3 choices, Originally had 4 choices
[RETRY] goal=pred_1(adam,Ref_51)
[CALL] depth=2 goal=pred_1(adam,Ref_51) clause=ancestor(Arg_1,Arg_2):-Ref_49(Arg_1,Arg_4),ancestor(Arg_4,Arg_2).
[NO_MATCH] depth=2 goal=pred_1(adam,Ref_51) tried 1 choices, Originally had 4 choices
[RETRY] goal=Ref_694(ken,Ref_696)
[NO_MATCH] depth=2 goal=Ref_694(ken,Ref_696) tried 2 choices, Originally had 7 choices
[UNDO_CLAUSE] depth=1 clause=pred_1(Arg_1,Arg_2):-Ref_694(Arg_1,Arg_4),pred_1(Arg_4,Arg_2).
[RETRY] goal=Ref_49(ken,Ref_51)
[CALL] depth=1 goal=Ref_49(ken,Ref_51) clause=P(X,Y):-Q(X,Y).
[ADD_CLAUSE] depth=1 goal=Ref_49(ken,Ref_51) clause=pred_1(Arg_1,Arg_2):-Ref_731(Arg_1,Arg_2).
[INVENT_PRED] invented predicate for goal=Ref_49(ken,Ref_51)
[MATCH] depth=1 goal=Ref_49(ken,Ref_51) clause=P(X,Y):-Q(X,Y).
[TRY] goal=Ref_731(ken,Ref_51)
[CALL] depth=2 goal=Ref_731(ken,Ref_51) clause=mum(christine,tami):.
[CALL] depth=2 goal=Ref_731(ken,Ref_51) clause=mum(tami,luke):.
[CALL] depth=2 goal=Ref_731(ken,Ref_51) clause=mum(tami,james):.
[CALL] depth=2 goal=Ref_731(ken,Ref_51) clause=dad(adam,james):.
[CALL] depth=2 goal=Ref_731(ken,Ref_51) clause=dad(ken,adam):.
[MATCH] depth=2 goal=dad(ken,adam) clause=dad(ken,adam):.
[TRY] goal=ancestor(adam,james)
[NO_MATCH] depth=1 goal=ancestor(adam,james) tried 0 choices, Originally had 3 choices
[RETRY] goal=Ref_731(ken,Ref_51)
[NO_MATCH] depth=2 goal=Ref_731(ken,Ref_51) tried 2 choices, Originally had 7 choices
[UNDO_CLAUSE] depth=1 clause=pred_1(Arg_1,Arg_2):-Ref_731(Arg_1,Arg_2).
[RETRY] goal=Ref_49(ken,Ref_51)
[NO_MATCH] depth=1 goal=Ref_49(ken,Ref_51) tried 0 choices, Originally had 7 choices
[UNDO_CLAUSE] depth=0 clause=ancestor(Arg_1,Arg_2):-Ref_49(Arg_1,Arg_4),ancestor(Arg_4,Arg_2).
[RETRY] goal=ancestor(ken,james)
[CALL] depth=0 goal=ancestor(ken,james) clause=P(X,Y):-Q(X,Y).
[ADD_CLAUSE] depth=0 goal=ancestor(ken,james) clause=ancestor(Arg_1,Arg_2):-Ref_743(Arg_1,Arg_2).
[MATCH] depth=0 goal=ancestor(ken,james) clause=P(X,Y):-Q(X,Y).
[TRY] goal=Ref_743(ken,james)
[CALL] depth=1 goal=Ref_743(ken,james) clause=mum(christine,tami):.
[CALL] depth=1 goal=Ref_743(ken,james) clause=mum(tami,luke):.
[CALL] depth=1 goal=Ref_743(ken,james) clause=mum(tami,james):.
[CALL] depth=1 goal=Ref_743(ken,james) clause=dad(adam,james):.
[CALL] depth=1 goal=Ref_743(ken,james) clause=dad(ken,adam):.
[CALL] depth=1 goal=Ref_743(ken,james) clause=P(X,Y):-Q(X,Z),P(Z,Y).
[ADD_CLAUSE] depth=1 goal=Ref_743(ken,james) clause=pred_1(Arg_1,Arg_2):-Ref_756(Arg_1,Arg_4),pred_1(Arg_4,Arg_2).
[INVENT_PRED] invented predicate for goal=Ref_743(ken,james)
[MATCH] depth=1 goal=Ref_743(ken,james) clause=P(X,Y):-Q(X,Z),P(Z,Y).
[TRY] goal=Ref_756(ken,Ref_758)
[CALL] depth=2 goal=Ref_756(ken,Ref_758) clause=mum(christine,tami):.
[CALL] depth=2 goal=Ref_756(ken,Ref_758) clause=mum(tami,luke):.
[CALL] depth=2 goal=Ref_756(ken,Ref_758) clause=mum(tami,james):.
[CALL] depth=2 goal=Ref_756(ken,Ref_758) clause=dad(adam,james):.
[CALL] depth=2 goal=Ref_756(ken,Ref_758) clause=dad(ken,adam):.
[MATCH] depth=2 goal=dad(ken,adam) clause=dad(ken,adam):.
[TRY] goal=pred_1(adam,james)
[CALL] depth=2 goal=pred_1(adam,james) clause=pred_1(Arg_1,Arg_2):-dad(Arg_1,Arg_4),pred_1(Arg_4,Arg_2).
[MATCH] depth=2 goal=pred_1(adam,james) clause=pred_1(Arg_1,Arg_2):-dad(Arg_1,Arg_4),pred_1(Arg_4,Arg_2).
[TRY] goal=dad(adam,Ref_778)
[CALL] depth=3 goal=dad(adam,Ref_778) clause=dad(adam,james):.
[MATCH] depth=3 goal=dad(adam,james) clause=dad(adam,james):.
[TRY] goal=pred_1(james,james)
[CALL] depth=3 goal=pred_1(james,james) clause=pred_1(Arg_1,Arg_2):-dad(Arg_1,Arg_4),pred_1(Arg_4,Arg_2).
[MATCH] depth=3 goal=pred_1(james,james) clause=pred_1(Arg_1,Arg_2):-dad(Arg_1,Arg_4),pred_1(Arg_4,Arg_2).
[TRY] goal=dad(james,Ref_786)
[CALL] depth=4 goal=dad(james,Ref_786) clause=dad(adam,james):.
[CALL] depth=4 goal=dad(james,Ref_786) clause=dad(ken,adam):.
[CALL] depth=4 goal=dad(james,Ref_786) clause=pred_1(Arg_1,Arg_2):-dad(Arg_1,Arg_4),pred_1(Arg_4,Arg_2).
[CALL] depth=4 goal=dad(james,Ref_786) clause=ancestor(Arg_1,Arg_2):-Ref_743(Arg_1,Arg_2).
[NO_MATCH] depth=4 goal=dad(james,Ref_786) tried 4 choices, Originally had 4 choices
[RETRY] goal=pred_1(james,james)
[CALL] depth=3 goal=pred_1(james,james) clause=ancestor(Arg_1,Arg_2):-Ref_743(Arg_1,Arg_2).
[NO_MATCH] depth=3 goal=pred_1(james,james) tried 1 choices, Originally had 4 choices
[RETRY] goal=dad(adam,Ref_778)
[CALL] depth=3 goal=dad(adam,Ref_778) clause=dad(ken,adam):.
[CALL] depth=3 goal=dad(adam,Ref_778) clause=pred_1(Arg_1,Arg_2):-dad(Arg_1,Arg_4),pred_1(Arg_4,Arg_2).
[CALL] depth=3 goal=dad(adam,Ref_778) clause=ancestor(Arg_1,Arg_2):-Ref_743(Arg_1,Arg_2).
[NO_MATCH] depth=3 goal=dad(adam,Ref_778) tried 3 choices, Originally had 4 choices
[RETRY] goal=pred_1(adam,james)
[CALL] depth=2 goal=pred_1(adam,james) clause=ancestor(Arg_1,Arg_2):-Ref_743(Arg_1,Arg_2).
[NO_MATCH] depth=2 goal=pred_1(adam,james) tried 1 choices, Originally had 4 choices
[RETRY] goal=Ref_756(ken,Ref_758)
[NO_MATCH] depth=2 goal=Ref_756(ken,Ref_758) tried 2 choices, Originally had 7 choices
[UNDO_CLAUSE] depth=1 clause=pred_1(Arg_1,Arg_2):-Ref_756(Arg_1,Arg_4),pred_1(Arg_4,Arg_2).
[RETRY] goal=Ref_743(ken,james)
[CALL] depth=1 goal=Ref_743(ken,james) clause=P(X,Y):-Q(X,Y).
[ADD_CLAUSE] depth=1 goal=Ref_743(ken,james) clause=pred_1(Arg_1,Arg_2):-Ref_793(Arg_1,Arg_2).
[INVENT_PRED] invented predicate for goal=Ref_743(ken,james)
[MATCH] depth=1 goal=Ref_743(ken,james) clause=P(X,Y):-Q(X,Y).
[TRY] goal=Ref_793(ken,james)
[CALL] depth=2 goal=Ref_793(ken,james) clause=mum(christine,tami):.
[CALL] depth=2 goal=Ref_793(ken,james) clause=mum(tami,luke):.
[CALL] depth=2 goal=Ref_793(ken,james) clause=mum(tami,james):.
[CALL] depth=2 goal=Ref_793(ken,james) clause=dad(adam,james):.
[CALL] depth=2 goal=Ref_793(ken,james) clause=dad(ken,adam):.
[NO_MATCH] depth=2 goal=Ref_793(ken,james) tried 7 choices, Originally had 7 choices
[UNDO_CLAUSE] depth=1 clause=pred_1(Arg_1,Arg_2):-Ref_793(Arg_1,Arg_2).
[RETRY] goal=Ref_743(ken,james)
[NO_MATCH] depth=1 goal=Ref_743(ken,james) tried 0 choices, Originally had 7 choices
[UNDO_CLAUSE] depth=0 clause=ancestor(Arg_1,Arg_2):-Ref_743(Arg_1,Arg_2).
[RETRY] goal=ancestor(ken,james)
[NO_MATCH] depth=0 goal=ancestor(ken,james) tried 0 choices, Originally had 2 choices
[FAILED] First goal exhausted
[FAILED_HYPOTHESIS]
